0 info it worked if it ends with ok
1 verbose cli [ 'C:\\Program Files\\nodejs\\\\node.exe',
1 verbose cli   'C:\\Program Files\\nodejs\\node_modules\\npm\\bin\\npm-cli.js',
1 verbose cli   'publish' ]
2 info using npm@2.11.3
3 info using node@v0.12.7
4 verbose publish [ '.' ]
5 silly cache add args [ '.', null ]
6 verbose cache add spec .
7 silly cache add parsed spec { raw: '.',
7 silly cache add   scope: null,
7 silly cache add   name: null,
7 silly cache add   rawSpec: '.',
7 silly cache add   spec: 'F:\\Videos\\tools',
7 silly cache add   type: 'directory' }
8 verbose addLocalDirectory C:\Users\Administrator\AppData\Roaming\npm-cache\tools\1.0.0\package.tgz not in flight; packing
9 verbose tar pack [ 'C:\\Users\\Administrator\\AppData\\Roaming\\npm-cache\\tools\\1.0.0\\package.tgz',
9 verbose tar pack   'F:\\Videos\\tools' ]
10 verbose tarball C:\Users\Administrator\AppData\Roaming\npm-cache\tools\1.0.0\package.tgz
11 verbose folder F:\Videos\tools
12 info prepublish tools@1.0.0
13 verbose addLocalTarball adding from inside cache C:\Users\Administrator\AppData\Roaming\npm-cache\tools\1.0.0\package.tgz
14 silly cache afterAdd tools@1.0.0
15 verbose afterAdd C:\Users\Administrator\AppData\Roaming\npm-cache\tools\1.0.0\package\package.json not in flight; writing
16 verbose afterAdd C:\Users\Administrator\AppData\Roaming\npm-cache\tools\1.0.0\package\package.json written
17 silly publish { name: 'tools',
17 silly publish   version: '1.0.0',
17 silly publish   private: false,
17 silly publish   scripts: { start: 'node ./bin/www' },
17 silly publish   dependencies:
17 silly publish    { 'body-parser': '~1.13.2',
17 silly publish      'cookie-parser': '~1.3.5',
17 silly publish      debug: '~2.2.0',
17 silly publish      express: '~4.13.1',
17 silly publish      jade: '~1.11.0',
17 silly publish      'serve-favicon': '~2.3.0',
17 silly publish      formidable: 'latest',
17 silly publish      yuicompressor: 'lastest' },
17 silly publish   readme: 'ERROR: No README data found!',
17 silly publish   _id: 'tools@1.0.0',
17 silly publish   _shasum: '01706be8b39831aaa84ec5133b0be66717440db2',
17 silly publish   _from: '.' }
18 verbose getPublishConfig undefined
19 silly mapToRegistry name tools
20 silly mapToRegistry using default registry
21 silly mapToRegistry registry https://registry.npmjs.org/
22 silly mapToRegistry uri https://registry.npmjs.org/tools
23 verbose publish registryBase https://registry.npmjs.org/
24 silly publish uploading C:\Users\Administrator\AppData\Roaming\npm-cache\tools\1.0.0\package.tgz
25 verbose request uri https://registry.npmjs.org/tools
26 verbose request sending authorization for write operation
27 info attempt registry request try #1 at 17:49:28
28 verbose request using bearer token for auth
29 verbose request id 2d47020d8a804347
30 http request PUT https://registry.npmjs.org/tools
31 http 403 https://registry.npmjs.org/tools
32 verbose headers { 'content-type': 'application/json',
32 verbose headers   'cache-control': 'max-age=60',
32 verbose headers   'content-length': '97',
32 verbose headers   'accept-ranges': 'bytes',
32 verbose headers   date: 'Wed, 28 Oct 2015 09:48:39 GMT',
32 verbose headers   via: '1.1 varnish',
32 verbose headers   connection: 'keep-alive',
32 verbose headers   'x-served-by': 'cache-hkg6826-HKG',
32 verbose headers   'x-cache': 'MISS',
32 verbose headers   'x-cache-hits': '0',
32 verbose headers   'x-timer': 'S1446025719.091011,VS0,VE887' }
33 verbose request invalidating C:\Users\Administrator\AppData\Roaming\npm-cache\registry.npmjs.org\tools on PUT
34 error publish Failed PUT 403
35 verbose stack Error: You do not have permission to publish 'tools'. Are you logged in as the correct user? : tools
35 verbose stack     at CachingRegistryClient.<anonymous> (C:\Program Files\nodejs\node_modules\npm\node_modules\npm-registry-client\lib\request.js:247:14)
35 verbose stack     at Request._callback (C:\Program Files\nodejs\node_modules\npm\node_modules\npm-registry-client\lib\request.js:170:14)
35 verbose stack     at Request.self.callback (C:\Program Files\nodejs\node_modules\npm\node_modules\request\request.js:354:22)
35 verbose stack     at Request.emit (events.js:110:17)
35 verbose stack     at Request.<anonymous> (C:\Program Files\nodejs\node_modules\npm\node_modules\request\request.js:1207:14)
35 verbose stack     at Request.emit (events.js:129:20)
35 verbose stack     at IncomingMessage.<anonymous> (C:\Program Files\nodejs\node_modules\npm\node_modules\request\request.js:1153:12)
35 verbose stack     at IncomingMessage.emit (events.js:129:20)
35 verbose stack     at _stream_readable.js:908:16
35 verbose stack     at process._tickCallback (node.js:355:11)
36 verbose statusCode 403
37 verbose pkgid tools
38 verbose cwd F:\Videos\tools
39 error Windows_NT 6.1.7601
40 error argv "C:\\Program Files\\nodejs\\\\node.exe" "C:\\Program Files\\nodejs\\node_modules\\npm\\bin\\npm-cli.js" "publish"
41 error node v0.12.7
42 error npm  v2.11.3
43 error code E403
44 error You do not have permission to publish 'tools'. Are you logged in as the correct user? : tools
45 error If you need help, you may report this error at:
45 error     <https://github.com/npm/npm/issues>
46 verbose exit [ 1, true ]
